<?xml version="1.0" encoding="UTF-8"?>
<!-- Generated by org.testng.reporters.JUnitReportReporter -->
<testsuite skipped="0" hostname="home" name="TestNGProject.TestNGProject.testScenarios.TimeTrackTest" tests="1" failures="0" timestamp="22 Jul 2017 06:16:20 GMT" time="53.924" errors="0">
  <testcase name="test2" time="53.924" classname="TestNGProject.TestNGProject.testScenarios.TimeTrackTest"/>
</testsuite> <!-- TestNGProject.TestNGProject.testScenarios.TimeTrackTest -->
